\BOOKMARK [1][-]{section.1}{Introduction}{}% 1
\BOOKMARK [1][-]{section.2}{Quantum bits}{}% 2
\BOOKMARK [2][-]{subsection.2.1}{States of a qubit}{section.2}% 3
\BOOKMARK [2][-]{subsection.2.2}{Bloch sphere}{section.2}% 4
\BOOKMARK [2][-]{subsection.2.3}{Multiple qubits}{section.2}% 5
\BOOKMARK [1][-]{section.3}{Quantum Gates}{}% 6
\BOOKMARK [2][-]{subsection.3.1}{Single-Qubit gates}{section.3}% 7
\BOOKMARK [2][-]{subsection.3.2}{Multiple qubit gates}{section.3}% 8
\BOOKMARK [2][-]{subsection.3.3}{Quantum circuits}{section.3}% 9
\BOOKMARK [2][-]{subsection.3.4}{The Deutsch-Jozsa algorithm}{section.3}% 10
\BOOKMARK [1][-]{section.4}{The postulates of quantum mechanics}{}% 11
\BOOKMARK [2][-]{subsection.4.1}{State space}{section.4}% 12
\BOOKMARK [2][-]{subsection.4.2}{Evolution}{section.4}% 13
\BOOKMARK [2][-]{subsection.4.3}{Quantum measurement}{section.4}% 14
\BOOKMARK [2][-]{subsection.4.4}{Composite systems}{section.4}% 15
\BOOKMARK [1][-]{section.5}{Quantum circuits}{}% 16
\BOOKMARK [2][-]{subsection.5.1}{Controlled operation}{section.5}% 17
\BOOKMARK [2][-]{subsection.5.2}{Multi-qubit controlled operations}{section.5}% 18
\BOOKMARK [2][-]{subsection.5.3}{Circuit Identities}{section.5}% 19
\BOOKMARK [2][-]{subsection.5.4}{Measurement \046 Universal circuits}{section.5}% 20
\BOOKMARK [1][-]{section.6}{Quantum Fourier Transform}{}% 21
\BOOKMARK [2][-]{subsection.6.1}{Phase estimation}{section.6}% 22
\BOOKMARK [2][-]{subsection.6.2}{Application : Order finding}{section.6}% 23
\BOOKMARK [2][-]{subsection.6.3}{Application : Factoring}{section.6}% 24
\BOOKMARK [1][-]{section.7}{Quantum Search Algorithms}{}% 25
\BOOKMARK [2][-]{subsection.7.1}{Oracle}{section.7}% 26
\BOOKMARK [2][-]{subsection.7.2}{The procedure}{section.7}% 27
\BOOKMARK [2][-]{subsection.7.3}{Geometric visualisation}{section.7}% 28
\BOOKMARK [2][-]{subsection.7.4}{Performance}{section.7}% 29
\BOOKMARK [1][-]{section*.2}{References}{}% 30
